[    0.000000] Linux version 4.15.0-74-generic (buildd@lcy01-amd64-022) (gcc version 7.4.0 (Ubuntu 7.4.0-1ubuntu1~18.04.1)) #84-Ubuntu SMP Thu Dec 19 08:06:28 UTC 2019 (Ubuntu 4.15.0-74.84-generic 4.15.18)
[    0.000000] Command line: BOOT_IMAGE=/boot/vmlinuz-4.15.0-74-generic root=LABEL=cloudimg-rootfs ro console=tty1 console=ttyS0
[    0.000000] KERNEL supported cpus:
[    0.000000]   Intel GenuineIntel
[    0.000000]   AMD AuthenticAMD
[    0.000000]   Centaur CentaurHauls
[    0.000000] x86/fpu: Supporting XSAVE feature 0x001: 'x87 floating point registers'
[    0.000000] x86/fpu: Supporting XSAVE feature 0x002: 'SSE registers'
[    0.000000] x86/fpu: Supporting XSAVE feature 0x004: 'AVX registers'
[    0.000000] x86/fpu: xstate_offset[2]:  576, xstate_sizes[2]:  256
[    0.000000] x86/fpu: Enabled xstate features 0x7, context size is 832 bytes, using 'standard' format.
[    0.000000] e820: BIOS-provided physical RAM map:
[    0.000000] BIOS-e820: [mem 0x0000000000000000-0x000000000009fbff] usable
[    0.000000] BIOS-e820: [mem 0x000000000009fc00-0x000000000009ffff] reserved
[    0.000000] BIOS-e820: [mem 0x00000000000f0000-0x00000000000fffff] reserved
[    0.000000] BIOS-e820: [mem 0x0000000000100000-0x000000003ffeffff] usable
[    0.000000] BIOS-e820: [mem 0x000000003fff0000-0x000000003fffffff] ACPI data
[    0.000000] BIOS-e820: [mem 0x00000000fec00000-0x00000000fec00fff] reserved
[    0.000000] BIOS-e820: [mem 0x00000000fee00000-0x00000000fee00fff] reserved
[    0.000000] BIOS-e820: [mem 0x00000000fffc0000-0x00000000ffffffff] reserved
[    0.000000] NX (Execute Disable) protection: active
[    0.000000] SMBIOS 2.5 present.
[    0.000000] DMI: innotek GmbH VirtualBox/VirtualBox, BIOS VirtualBox 12/01/2006
[    0.000000] Hypervisor detected: KVM
[    0.000000] e820: last_pfn = 0x3fff0 max_arch_pfn = 0x400000000
[    0.000000] MTRR: Disabled
[    0.000000] x86/PAT: MTRRs disabled, skipping PAT initialization too.
[    0.000000] CPU MTRRs all blank - virtualized system.
[    0.000000] x86/PAT: Configuration [0-7]: WB  WT  UC- UC  WB  WT  UC- UC  
[    0.000000] found SMP MP-table at [mem 0x0009fff0-0x0009ffff]
[    0.000000] Scanning 1 areas for low memory corruption
[    0.000000] RAMDISK: [mem 0x35a6f000-0x36d2efff]
[    0.000000] ACPI: Early table checksum verification disabled
[    0.000000] ACPI: RSDP 0x00000000000E0000 000024 (v02 VBOX  )
[    0.000000] ACPI: XSDT 0x000000003FFF0030 00003C (v01 VBOX   VBOXXSDT 00000001 ASL  00000061)
[    0.000000] ACPI: FACP 0x000000003FFF00F0 0000F4 (v04 VBOX   VBOXFACP 00000001 ASL  00000061)
[    0.000000] ACPI: DSDT 0x000000003FFF0470 0022EA (v02 VBOX   VBOXBIOS 00000002 INTL 20100528)
[    0.000000] ACPI: FACS 0x000000003FFF0200 000040
[    0.000000] ACPI: FACS 0x000000003FFF0200 000040
[    0.000000] ACPI: APIC 0x000000003FFF0240 00005C (v02 VBOX   VBOXAPIC 00000001 ASL  00000061)
[    0.000000] ACPI: SSDT 0x000000003FFF02A0 0001CC (v01 VBOX   VBOXCPUT 00000002 INTL 20100528)
[    0.000000] No NUMA configuration found
[    0.000000] Faking a node at [mem 0x0000000000000000-0x000000003ffeffff]
[    0.000000] NODE_DATA(0) allocated [mem 0x3ffc5000-0x3ffeffff]
[    0.000000] kvm-clock: cpu 0, msr 0:3ff44001, primary cpu clock
[    0.000000] kvm-clock: Using msrs 4b564d01 and 4b564d00
[    0.000000] kvm-clock: using sched offset of 4903104166 cycles
[    0.000000] clocksource: kvm-clock: mask: 0xffffffffffffffff max_cycles: 0x1cd42e4dffb, max_idle_ns: 881590591483 ns
[    0.000000] Zone ranges:
[    0.000000]   DMA      [mem 0x0000000000001000-0x0000000000ffffff]
[    0.000000]   DMA32    [mem 0x0000000001000000-0x000000003ffeffff]
[    0.000000]   Normal   empty
[    0.000000]   Device   empty
[    0.000000] Movable zone start for each node
[    0.000000] Early memory node ranges
[    0.000000]   node   0: [mem 0x0000000000001000-0x000000000009efff]
[    0.000000]   node   0: [mem 0x0000000000100000-0x000000003ffeffff]
[    0.000000] Reserved but unavailable: 98 pages
[    0.000000] Initmem setup node 0 [mem 0x0000000000001000-0x000000003ffeffff]
[    0.000000] ACPI: PM-Timer IO Port: 0x4008
[    0.000000] IOAPIC[0]: apic_id 2, version 32, address 0xfec00000, GSI 0-23
[    0.000000] ACPI: INT_SRC_OVR (bus 0 bus_irq 0 global_irq 2 dfl dfl)
[    0.000000] ACPI: INT_SRC_OVR (bus 0 bus_irq 9 global_irq 9 low level)
[    0.000000] Using ACPI (MADT) for SMP configuration information
[    0.000000] smpboot: Allowing 2 CPUs, 0 hotplug CPUs
[    0.000000] PM: Registered nosave memory: [mem 0x00000000-0x00000fff]
[    0.000000] PM: Registered nosave memory: [mem 0x0009f000-0x0009ffff]
[    0.000000] PM: Registered nosave memory: [mem 0x000a0000-0x000effff]
[    0.000000] PM: Registered nosave memory: [mem 0x000f0000-0x000fffff]
[    0.000000] e820: [mem 0x40000000-0xfebfffff] available for PCI devices
[    0.000000] Booting paravirtualized kernel on KVM
[    0.000000] clocksource: refined-jiffies: mask: 0xffffffff max_cycles: 0xffffffff, max_idle_ns: 7645519600211568 ns
[    0.000000] random: get_random_bytes called from start_kernel+0x99/0x4fd with crng_init=0
[    0.000000] setup_percpu: NR_CPUS:8192 nr_cpumask_bits:2 nr_cpu_ids:2 nr_node_ids:1
[    0.000000] percpu: Embedded 45 pages/cpu s147456 r8192 d28672 u1048576
[    0.000000] PV qspinlock hash table entries: 256 (order: 0, 4096 bytes)
[    0.000000] Built 1 zonelists, mobility grouping on.  Total pages: 257913
[    0.000000] Policy zone: DMA32
[    0.000000] Kernel command line: BOOT_IMAGE=/boot/vmlinuz-4.15.0-74-generic root=LABEL=cloudimg-rootfs ro console=tty1 console=ttyS0
[    0.000000] Memory: 983080K/1048120K available (12300K kernel code, 2481K rwdata, 4260K rodata, 2428K init, 2704K bss, 65040K reserved, 0K cma-reserved)
[    0.000000] SLUB: HWalign=64, Order=0-3, MinObjects=0, CPUs=2, Nodes=1
[    0.000000] Kernel/User page tables isolation: enabled
[    0.000000] ftrace: allocating 39322 entries in 154 pages
[    0.004000] Hierarchical RCU implementation.
[    0.004000] 	RCU restricting CPUs from NR_CPUS=8192 to nr_cpu_ids=2.
[    0.004000] 	Tasks RCU enabled.
[    0.004000] RCU: Adjusting geometry for rcu_fanout_leaf=16, nr_cpu_ids=2
[    0.004000] NR_IRQS: 524544, nr_irqs: 440, preallocated irqs: 16
[    0.004000] Console: colour VGA+ 80x25
[    0.004000] console [tty1] enabled
[    0.004000] console [ttyS0] enabled
[    0.004000] ACPI: Core revision 20170831
[    0.004000] ACPI: 2 ACPI AML tables successfully acquired and loaded
[    0.004000] APIC: Switch to symmetric I/O mode setup
[    0.004000] x2apic enabled
[    0.004000] Switched APIC routing to physical x2apic.
[    0.007152] ..TIMER: vector=0x30 apic1=0 pin1=2 apic2=-1 pin2=-1
[    0.008013] tsc: Detected 2712.000 MHz processor
[    0.012017] Calibrating delay loop (skipped) preset value.. 5424.00 BogoMIPS (lpj=10848000)
[    0.014998] pid_max: default: 32768 minimum: 301
[    0.016055] Security Framework initialized
[    0.017257] Yama: becoming mindful.
[    0.018413] AppArmor: AppArmor initialized
[    0.024009] Dentry cache hash table entries: 131072 (order: 8, 1048576 bytes)
[    0.028107] Inode-cache hash table entries: 65536 (order: 7, 524288 bytes)
[    0.030454] Mount-cache hash table entries: 2048 (order: 2, 16384 bytes)
[    0.032010] Mountpoint-cache hash table entries: 2048 (order: 2, 16384 bytes)
[    0.034287] Last level iTLB entries: 4KB 64, 2MB 8, 4MB 8
[    0.036003] Last level dTLB entries: 4KB 64, 2MB 0, 4MB 0, 1GB 4
[    0.037683] Spectre V1 : Mitigation: usercopy/swapgs barriers and __user pointer sanitization
[    0.040003] Spectre V2 : Mitigation: Full generic retpoline
[    0.041530] Spectre V2 : Spectre v2 / SpectreRSB mitigation: Filling RSB on context switch
[    0.044005] Speculative Store Bypass: Vulnerable
[    0.045408] MDS: Vulnerable: Clear CPU buffers attempted, no microcode
[    0.048388] Freeing SMP alternatives memory: 36K
[    0.162993] smpboot: CPU0: Intel(R) Core(TM) i5-7200U CPU @ 2.50GHz (family: 0x6, model: 0x8e, stepping: 0x9)
[    0.164000] Performance Events: unsupported p6 CPU model 142 no PMU driver, software events only.
[    0.164068] Hierarchical SRCU implementation.
[    0.169065] NMI watchdog: Perf event create on CPU 0 failed with -2
[    0.170748] NMI watchdog: Perf NMI watchdog permanently disabled
[    0.172000] smp: Bringing up secondary CPUs ...
[    0.172127] x86: Booting SMP configuration:
[    0.173317] .... node  #0, CPUs:      #1
[    0.004000] kvm-clock: cpu 1, msr 0:3ff44041, secondary cpu clock
[    0.180078] smp: Brought up 1 node, 2 CPUs
[    0.181855] smpboot: Max logical packages: 1
[    0.184015] smpboot: Total of 2 processors activated (10848.00 BogoMIPS)
[    0.188009] devtmpfs: initialized
[    0.189137] x86/mm: Memory block size: 128MB
[    0.190763] evm: security.selinux
[    0.191808] evm: security.SMACK64
[    0.192073] evm: security.SMACK64EXEC
[    0.193162] evm: security.SMACK64TRANSMUTE
[    0.194661] evm: security.SMACK64MMAP
[    0.196006] evm: security.apparmor
[    0.197066] evm: security.ima
[    0.198139] evm: security.capability
[    0.200285] clocksource: jiffies: mask: 0xffffffff max_cycles: 0xffffffff, max_idle_ns: 7645041785100000 ns
[    0.202830] futex hash table entries: 512 (order: 3, 32768 bytes)
[    0.208000] pinctrl core: initialized pinctrl subsystem
[    0.208193] RTC time: 14:08:45, date: 01/31/20
[    0.209964] NET: Registered protocol family 16
[    0.212163] audit: initializing netlink subsys (disabled)
[    0.213872] audit: type=2000 audit(1580479731.878:1): state=initialized audit_enabled=0 res=1
[    0.216017] cpuidle: using governor ladder
[    0.217169] cpuidle: using governor menu
[    0.218344] ACPI: bus type PCI registered
[    0.220004] acpiphp: ACPI Hot Plug PCI Controller Driver version: 0.5
[    0.224117] PCI: Using configuration type 1 for base access
[    0.228127] HugeTLB registered 2.00 MiB page size, pre-allocated 0 pages
[    0.230051] ACPI: Added _OSI(Module Device)
[    0.232005] ACPI: Added _OSI(Processor Device)
[    0.233301] ACPI: Added _OSI(3.0 _SCP Extensions)
[    0.234629] ACPI: Added _OSI(Processor Aggregator Device)
[    0.236005] ACPI: Added _OSI(Linux-Dell-Video)
[    0.237322] ACPI: Added _OSI(Linux-Lenovo-NV-HDMI-Audio)
[    0.239184] ACPI: Added _OSI(Linux-HPI-Hybrid-Graphics)
[    0.240443] ACPI: Executed 1 blocks of module-level executable AML code
[    0.254227] ACPI: Interpreter enabled
[    0.255691] ACPI: (supports S0 S5)
[    0.256013] ACPI: Using IOAPIC for interrupt routing
[    0.260647] PCI: Using host bridge windows from ACPI; if necessary, use "pci=nocrs" and report a bug
[    0.264000] ACPI: Enabled 2 GPEs in block 00 to 07
[    0.284504] ACPI: PCI Root Bridge [PCI0] (domain 0000 [bus 00-ff])
[    0.286257] acpi PNP0A03:00: _OSC: OS supports [ASPM ClockPM Segments MSI]
[    0.289038] acpi PNP0A03:00: _OSC: not requesting OS control; OS requires [ExtendedConfig ASPM ClockPM MSI]
[    0.292032] acpi PNP0A03:00: fail to add MMCONFIG information, can't access extended PCI configuration space under this bridge.
[    0.297248] PCI host bridge to bus 0000:00
[    0.299243] pci_bus 0000:00: root bus resource [io  0x0000-0x0cf7 window]
[    0.300007] pci_bus 0000:00: root bus resource [io  0x0d00-0xffff window]
[    0.304008] pci_bus 0000:00: root bus resource [mem 0x000a0000-0x000bffff window]
[    0.306173] pci_bus 0000:00: root bus resource [mem 0x40000000-0xfdffffff window]
[    0.308015] pci_bus 0000:00: root bus resource [bus 00-ff]
[    0.316697] pci 0000:00:01.1: legacy IDE quirk: reg 0x10: [io  0x01f0-0x01f7]
[    0.318627] pci 0000:00:01.1: legacy IDE quirk: reg 0x14: [io  0x03f6]
[    0.320007] pci 0000:00:01.1: legacy IDE quirk: reg 0x18: [io  0x0170-0x0177]
[    0.322021] pci 0000:00:01.1: legacy IDE quirk: reg 0x1c: [io  0x0376]
[    0.362452] pci 0000:00:07.0: quirk: [io  0x4000-0x403f] claimed by PIIX4 ACPI
[    0.364020] pci 0000:00:07.0: quirk: [io  0x4100-0x410f] claimed by PIIX4 SMB
[    0.380810] ACPI: PCI Interrupt Link [LNKA] (IRQs 5 9 10 *11)
[    0.384795] ACPI: PCI Interrupt Link [LNKB] (IRQs 5 9 *10 11)
[    0.387594] ACPI: PCI Interrupt Link [LNKC] (IRQs 5 *9 10 11)
[    0.388309] ACPI: PCI Interrupt Link [LNKD] (IRQs 5 9 10 *11)
[    0.393190] SCSI subsystem initialized
[    0.396158] pci 0000:00:02.0: vgaarb: setting as boot VGA device
[    0.398966] pci 0000:00:02.0: vgaarb: VGA device added: decodes=io+mem,owns=io+mem,locks=none
[    0.400022] pci 0000:00:02.0: vgaarb: bridge control possible
[    0.402069] vgaarb: loaded
[    0.404081] ACPI: bus type USB registered
[    0.406192] usbcore: registered new interface driver usbfs
[    0.408103] usbcore: registered new interface driver hub
[    0.412072] usbcore: registered new device driver usb
[    0.414136] EDAC MC: Ver: 3.0.0
[    0.416512] PCI: Using ACPI for IRQ routing
[    0.417989] NetLabel: Initializing
[    0.420004] NetLabel:  domain hash size = 128
[    0.421275] NetLabel:  protocols = UNLABELED CIPSOv4 CALIPSO
[    0.423508] NetLabel:  unlabeled traffic allowed by default
[    0.424347] clocksource: Switched to clocksource kvm-clock
[    0.465832] VFS: Disk quotas dquot_6.6.0
[    0.467698] VFS: Dquot-cache hash table entries: 512 (order 0, 4096 bytes)
[    0.469803] AppArmor: AppArmor Filesystem Enabled
[    0.471385] pnp: PnP ACPI init
[    0.475091] pnp: PnP ACPI: found 3 devices
[    0.499488] clocksource: acpi_pm: mask: 0xffffff max_cycles: 0xffffff, max_idle_ns: 2085701024 ns
[    0.502222] NET: Registered protocol family 2
[    0.504560] TCP established hash table entries: 8192 (order: 4, 65536 bytes)
[    0.507456] TCP bind hash table entries: 8192 (order: 5, 131072 bytes)
[    0.516081] TCP: Hash tables configured (established 8192 bind 8192)
[    0.517948] UDP hash table entries: 512 (order: 2, 16384 bytes)
[    0.519635] UDP-Lite hash table entries: 512 (order: 2, 16384 bytes)
[    0.521650] NET: Registered protocol family 1
[    0.523247] pci 0000:00:00.0: Limiting direct PCI/PCI transfers
[    0.525292] pci 0000:00:01.0: Activating ISA DMA hang workarounds
[    0.527117] pci 0000:00:02.0: Video device with shadowed ROM at [mem 0x000c0000-0x000dffff]
[    0.529679] Unpacking initramfs...
[    1.225135] Freeing initrd memory: 19200K
[    1.227357] clocksource: tsc: mask: 0xffffffffffffffff max_cycles: 0x2717868ea45, max_idle_ns: 440795316085 ns
[    1.230701] platform rtc_cmos: registered platform RTC device (no PNP device found)
[    1.232895] Scanning for low memory corruption every 60 seconds
[    1.235858] Initialise system trusted keyrings
[    1.237082] Key type blacklist registered
[    1.238242] workingset: timestamp_bits=36 max_order=18 bucket_order=0
[    1.241725] zbud: loaded
[    1.243267] squashfs: version 4.0 (2009/01/31) Phillip Lougher
[    1.245450] fuse init (API version 7.26)
[    1.256690] Key type asymmetric registered
[    1.257916] Asymmetric key parser 'x509' registered
[    1.259357] Block layer SCSI generic (bsg) driver version 0.4 loaded (major 246)
[    1.261682] io scheduler noop registered
[    1.262956] io scheduler deadline registered
[    1.264241] io scheduler cfq registered (default)
[    1.266549] ACPI: AC Adapter [AC] (off-line)
[    1.267849] input: Power Button as /devices/LNXSYSTM:00/LNXPWRBN:00/input/input0
[    1.270398] ACPI: Power Button [PWRF]
[    1.272350] input: Sleep Button as /devices/LNXSYSTM:00/LNXSLPBN:00/input/input1
[    1.274075] ACPI: Sleep Button [SLPF]
[    1.276389] Serial: 8250/16550 driver, 32 ports, IRQ sharing enabled
[    1.277703] ACPI: Battery Slot [BAT0] (battery present)
[    1.300436] 00:02: ttyS0 at I/O 0x3f8 (irq = 4, base_baud = 115200) is a 16550A
[    1.307652] Linux agpgart interface v0.103
[    1.311949] loop: module loaded
[    1.314204] scsi host0: ata_piix
[    1.315764] scsi host1: ata_piix
[    1.316876] ata1: PATA max UDMA/33 cmd 0x1f0 ctl 0x3f6 bmdma 0xd000 irq 14
[    1.318799] ata2: PATA max UDMA/33 cmd 0x170 ctl 0x376 bmdma 0xd008 irq 15
[    1.320797] libphy: Fixed MDIO Bus: probed
[    1.322013] tun: Universal TUN/TAP device driver, 1.6
[    1.324095] PPP generic driver version 2.4.2
[    1.325205] ehci_hcd: USB 2.0 'Enhanced' Host Controller (EHCI) Driver
[    1.326685] ehci-pci: EHCI PCI platform driver
[    1.327745] ehci-platform: EHCI generic platform driver
[    1.329210] ohci_hcd: USB 1.1 'Open' Host Controller (OHCI) Driver
[    1.330586] ohci-pci: OHCI PCI platform driver
[    1.331688] ohci-platform: OHCI generic platform driver
[    1.333352] uhci_hcd: USB Universal Host Controller Interface driver
[    1.334950] i8042: PNP: PS/2 Controller [PNP0303:PS2K,PNP0f03:PS2M] at 0x60,0x64 irq 1,12
[    1.337527] serio: i8042 KBD port at 0x60,0x64 irq 1
[    1.339014] serio: i8042 AUX port at 0x60,0x64 irq 12
[    1.340302] mousedev: PS/2 mouse device common for all mice
[    1.342888] input: AT Translated Set 2 keyboard as /devices/platform/i8042/serio0/input/input2
[    1.346007] rtc_cmos rtc_cmos: rtc core: registered rtc_cmos as rtc0
[    1.347896] rtc_cmos rtc_cmos: alarms up to one day, 114 bytes nvram
[    1.349832] i2c /dev entries driver
[    1.350972] device-mapper: uevent: version 1.0.3
[    1.352508] device-mapper: ioctl: 4.37.0-ioctl (2017-09-20) initialised: dm-devel@redhat.com
[    1.355848] ledtrig-cpu: registered to indicate activity on CPUs
[    1.359501] NET: Registered protocol family 10
[    1.370111] Segment Routing with IPv6
[    1.371325] NET: Registered protocol family 17
[    1.373208] Key type dns_resolver registered
[    1.375103] mce: Using 0 MCE banks
[    1.377039] RAS: Correctable Errors collector initialized.
[    1.378563] sched_clock: Marking stable (1377006293, 0)->(1776706751, -399700458)
[    1.381386] registered taskstats version 1
[    1.382928] Loading compiled-in X.509 certificates
[    1.392252] Loaded X.509 cert 'Build time autogenerated kernel key: 62d24f9c726e026b112735485dad6e6e4b50c923'
[    1.395864] zswap: loaded using pool lzo/zbud
[    1.407653] Key type big_key registered
[    1.409891] Key type trusted registered
[    1.415809] Key type encrypted registered
[    1.417034] AppArmor: AppArmor sha1 policy hashing enabled
[    1.418384] ima: No TPM chip found, activating TPM-bypass! (rc=-19)
[    1.420071] ima: Allocated hash algorithm: sha1
[    1.421346] evm: HMAC attrs: 0x1
[    1.422753]   Magic number: 4:847:132
[    1.423858] rtc_cmos rtc_cmos: setting system clock to 2020-01-31 14:08:46 UTC (1580479726)
[    1.426151] BIOS EDD facility v0.16 2004-Jun-25, 0 devices found
[    1.427510] EDD information not available.
[    1.491945] Freeing unused kernel image memory: 2428K
[    1.508708] Write protecting the kernel read-only data: 20480k
[    1.514415] Freeing unused kernel image memory: 2008K
[    1.519455] Freeing unused kernel image memory: 1884K
[    1.549911] x86/mm: Checked W+X mappings: passed, no W+X pages found.
[    1.553251] x86/mm: Checking user space page tables
[    1.578406] x86/mm: Checked W+X mappings: passed, no W+X pages found.
Loading, please wait...
starting version 237
[    1.827870] e1000: Intel(R) PRO/1000 Network Driver - version 7.3.21-k8-NAPI
[    1.830475] e1000: Copyright (c) 1999-2006 Intel Corporation.
[    1.844789] Fusion MPT base driver 3.04.20
[    1.846093] Copyright (c) 1999-2008 LSI Corporation
[    1.879546] AVX2 version of gcm_enc/dec engaged.
[    1.881384] AES CTR mode by8 optimization enabled
[    1.888626] Fusion MPT SPI Host driver 3.04.20
[    2.016724] input: ImExPS/2 Generic Explorer Mouse as /devices/platform/i8042/serio1/input/input4
[    2.444413] e1000 0000:00:03.0 eth0: (PCI:33MHz:32-bit) 02:22:e7:1f:39:14
[    2.446901] e1000 0000:00:03.0 eth0: Intel(R) PRO/1000 Network Connection
[    2.451968] mptbase: ioc0: Initiating bringup
[    2.456730] e1000 0000:00:03.0 enp0s3: renamed from eth0
[    2.549021] ioc0: LSI53C1030 A0: Capabilities={Initiator}
[    2.799852] scsi host2: ioc0: LSI53C1030 A0, FwRev=00000000h, Ports=1, MaxQ=256, IRQ=20
[    2.974649] scsi 2:0:0:0: Direct-Access     VBOX     HARDDISK         1.0  PQ: 0 ANSI: 5
[    3.012693] scsi target2:0:0: Beginning Domain Validation
[    3.025759] scsi target2:0:0: Domain Validation skipping write tests
[    3.030291] scsi target2:0:0: Ending Domain Validation
[    3.034513] scsi target2:0:0: asynchronous
[    3.040718] scsi 2:0:1:0: Direct-Access     VBOX     HARDDISK         1.0  PQ: 0 ANSI: 5
[    3.076751] scsi target2:0:1: Beginning Domain Validation
[    3.085271] random: fast init done
[    3.094284] scsi target2:0:1: Domain Validation skipping write tests
[    3.101899] scsi target2:0:1: Ending Domain Validation
[    3.106567] scsi target2:0:1: asynchronous
[    3.123649] sd 2:0:0:0: Attached scsi generic sg0 type 0
[    3.123681] random: systemd-udevd: uninitialized urandom read (16 bytes read)
[    3.130230] random: systemd-udevd: uninitialized urandom read (16 bytes read)
[    3.134164] sd 2:0:1:0: Attached scsi generic sg1 type 0
[    3.134410] random: systemd-udevd: uninitialized urandom read (16 bytes read)
[    3.137515] sd 2:0:0:0: [sda] 20971520 512-byte logical blocks: (10.7 GB/10.0 GiB)
[    3.143513] sd 2:0:1:0: [sdb] 20480 512-byte logical blocks: (10.5 MB/10.0 MiB)
[    3.151138] sd 2:0:1:0: [sdb] Write Protect is off
[    3.151221] sd 2:0:0:0: [sda] Write Protect is off
[    3.154991] sd 2:0:1:0: [sdb] Incomplete mode parameter data
[    3.160374] sd 2:0:1:0: [sdb] Assuming drive cache: write through
[    3.163697] sd 2:0:0:0: [sda] Incomplete mode parameter data
[    3.166762] sd 2:0:0:0: [sda] Assuming drive cache: write through
[    3.170856] sd 2:0:1:0: [sdb] Attached SCSI disk
[    3.178499]  sda: sda1
[    3.183256] sd 2:0:0:0: [sda] Attached SCSI disk
Begin: Loading essential drivers ... [    5.500059] raid6: sse2x1   gen()  5065 MB/s
[    5.548065] raid6: sse2x1   xor()  3540 MB/s
[    5.596443] raid6: sse2x2   gen()  5473 MB/s
[    5.644233] raid6: sse2x2   xor()  3055 MB/s
[    5.692071] raid6: sse2x4   gen()  4919 MB/s
[    5.740205] raid6: sse2x4   xor()  4270 MB/s
[    5.788231] raid6: avx2x1   gen()  9424 MB/s
[    5.836960] raid6: avx2x1   xor()  7364 MB/s
[    5.888043] raid6: avx2x2   gen() 12142 MB/s
[    5.936068] raid6: avx2x2   xor()  7587 MB/s
[    5.984104] raid6: avx2x4   gen() 14014 MB/s
[    6.032100] raid6: avx2x4   xor()  7771 MB/s
[    6.034179] raid6: using algorithm avx2x4 gen() 14014 MB/s
[    6.036636] raid6: .... xor() 7771 MB/s, rmw enabled
[    6.038366] raid6: using avx2x2 recovery algorithm
[    6.042765] xor: automatically using best checksumming function   avx       
[    6.047120] async_tx: api initialized (async)
done.
Begin: Running /scripts/init-premount ... done.
Begin: Mounting root file system ... Begin: Running /scripts/local-top ... done.
Begin: Running /scripts/local-premount ... [    6.155725] Btrfs loaded, crc32c=crc32c-intel
Scanning for Btrfs filesystems
done.
Warning: fsck not present, so skipping root file system
[    6.213252] EXT4-fs (sda1): mounted filesystem with ordered data mode. Opts: (null)
done.
Begin: Running /scripts/local-bottom ... done.
Begin: Running /scripts/init-bottom ... done.
[    6.503683] ip_tables: (C) 2000-2006 Netfilter Core Team
[    6.521473] systemd[1]: systemd 237 running in system mode. (+PAM +AUDIT +SELINUX +IMA +APPARMOR +SMACK +SYSVINIT +UTMP +LIBCRYPTSETUP +GCRYPT +GNUTLS +ACL +XZ +LZ4 +SECCOMP +BLKID +ELFUTILS +KMOD -IDN2 +IDN -PCRE2 default-hierarchy=hybrid)
[    6.527327] systemd[1]: Detected virtualization oracle.
[    6.529769] systemd[1]: Detected architecture x86-64.

Welcome to [1mUbuntu 18.04.3 LTS[0m!

[    6.544935] systemd[1]: Set hostname to <ubuntu>.
[    6.551955] systemd[1]: Initializing machine ID from random generator.
[    6.553946] systemd[1]: Installed transient /etc/machine-id file.
[    6.939033] systemd[1]: Started Forward Password Requests to Wall Directory Watch.
[[0;32m  OK  [0m] Started Forward Password Requests to Wall Directory Watch.
[    6.945483] systemd[1]: Created slice User and Session Slice.
[[0;32m  OK  [0m] Created slice User and Session Slice.
[    6.948651] systemd[1]: Set up automount Arbitrary Executable File Formats File System Automount Point.
[[0;32m  OK  [0m] Set up automount Arbitrary Executab…rmats File System Automount Point.
[    6.952486] systemd[1]: Reached target Swap.
[[0;32m  OK  [0m] Reached target Swap.
[[0;32m  OK  [0m] Reached target System Time Synchronized.
[[0;32m  OK  [0m] Created slice System Slice.
[[0;32m  OK  [0m] Reached target Slices.
[[0;32m  OK  [0m] Listening on Network Service Netlink Socket.
[[0;32m  OK  [0m] Listening on Syslog Socket.
[[0;32m  OK  [0m] Listening on LVM2 metadata daemon socket.
[[0;32m  OK  [0m] Listening on Journal Socket.
         Starting Create list of required st…ce nodes for the current kernel...
[[0;32m  OK  [0m] Listening on Device-mapper event daemon FIFOs.
         Starting Monitoring of LVM2 mirrors…ng dmeventd or progress polling...
[[0;32m  OK  [0m] Listening on Journal Socket (/dev/log).
         Starting Load Kernel Modules...
[[0;32m  OK  [0m] Listening on udev Kernel Socket.
[[0;32m  OK  [0m] Listening on udev Control Socket.
         Starting udev Coldplug all Devices...
[[0;32m  OK  [0m] Listening on /dev/initctl Compatibility Named Pipe.
         Starting Set the console keyboard layout...
[[0;32m  OK  [0m] Created slice system-serial\x2dgetty.slice.
         Mounting Huge Pages File System...
         Mounting POSIX Message Queue File System...
[[0;32m  OK  [0m] Listening on Journal Audit Socket.
         Starting Journal Service...
         Mounting Kernel Debug File System...
[[0;32m  OK  [0m] Listening on LVM2 poll daemon socket.
[[0;32m  OK  [0m] Reached target User and Group Name Lookups.
         Starting Remount Root and Kernel File Systems...
         Starting Uncomplicated firewall...
[[0;32m  OK  [0m] Started Create list of required sta…vice nodes for the current kernel.
[[0;32m  OK  [0m] Started LVM2 metadata daemon.
         Starting Create Static Device Nodes in /dev...
[[0;32m  OK  [0m] Started Uncomplicated firewall.
[    7.121522] Loading iSCSI transport class v2.0-870.
[    7.135844] iscsi: registered transport (tcp)
[[0;32m  OK  [0m] Mounted POSIX Message Queue File System.
[[0;32m  OK  [0m] Mounted Kernel Debug File System.
[[0;32m  OK  [0m] Mounted Huge Pages File System.
[[0;32m  OK  [0m] Started udev Coldplug all Devices.
[[0;32m  OK  [0m] Started Create Static Device Nodes in /dev.
[    7.231420] iscsi: registered transport (iser)
[[0;32m  OK  [0m] Started Load Kernel Modules.
         Starting Apply Kernel Variables...
         Mounting Kernel Configuration File System...
         Mounting FUSE Control File System...
[[0;32m  OK  [0m] Mounted FUSE Control File System.
[    7.251834] EXT4-fs (sda1): re-mounted. Opts: (null)
[[0;32m  OK  [0m] Mounted Kernel Configuration File System.
[[0;32m  OK  [0m] Started Remount Root and Kernel File Systems.
         Starting udev Kernel Device Manager...
         Starting Load/Save Random Seed...
[[0;32m  OK  [0m] Started Journal Service.
[[0;32m  OK  [0m] Started Monitoring of LVM2 mirrors,…sing dmeventd or progress polling.
         Starting Flush Journal to Persistent Storage...
[[0;32m  OK  [0m] Started Apply Kernel Variables.
[[0;32m  OK  [0m] Started Load/Save Random Seed.
[[0;32m  OK  [0m] Started udev Kernel Device Manager.
[[0;32m  OK  [0m] Started Flush Journal to Persistent Storage.
[[0;32m  OK  [0m] Started Set the console keyboard layout.
[[0;32m  OK  [0m] Reached target Local File Systems (Pre).
[[0;32m  OK  [0m] Reached target Local File Systems.
         Starting Tell Plymouth To Write Out Runtime Data...
         Starting ebtables ruleset management...
         Starting Set console font and keymap...
         Starting Create Volatile Files and Directories...
         Starting AppArmor initialization...
         Starting Commit a transient machine-id on disk...
[[0;32m  OK  [0m] Started Dispatch Password Requests to Console Directory Watch.
[[0;32m  OK  [0m] Reached target Local Encrypted Volumes.
[[0;32m  OK  [0m] Started Tell Plymouth To Write Out Runtime Data.
[[0;32m  OK  [0m] Started Set console font and keymap.
[[0;32m  OK  [0m] Started Create Volatile Files and Directories.
         Starting Update UTMP about System Boot/Shutdown...
[[0;32m  OK  [0m] Started Update UTMP about System Boot/Shutdown.
[[0;32m  OK  [0m] Started Commit a transient machine-id on disk.
[[0;32m  OK  [0m] Started ebtables ruleset management.
[[0;32m  OK  [0m] Found device /dev/ttyS0.
[[0;32m  OK  [0m] Listening on Load/Save RF Kill Switch Status /dev/rfkill Watch.
[[0;32m  OK  [0m] Started AppArmor initialization.
         Starting Initial cloud-init job (pre-networking)...
[   14.210809] cloud-init[542]: Cloud-init v. 19.3-41-gc4735dd3-0ubuntu1~18.04.1 running 'init-local' at Fri, 31 Jan 2020 14:08:58 +0000. Up 13.21 seconds.
[[0;32m  OK  [0m] Started Initial cloud-init job (pre-networking).
[[0;32m  OK  [0m] Reached target Network (Pre).
         Starting Network Service...
[[0;32m  OK  [0m] Started Network Service.
         Starting Network Name Resolution...
         Starting Wait for Network to be Configured...
[[0;32m  OK  [0m] Started Network Name Resolution.
[[0;32m  OK  [0m] Reached target Host and Network Name Lookups.
[[0;32m  OK  [0m] Reached target Network.
[[0;32m  OK  [0m] Started Wait for Network to be Configured.
         Starting Initial cloud-init job (metadata service crawler)...
[   18.110534] cloud-init[651]: Cloud-init v. 19.3-41-gc4735dd3-0ubuntu1~18.04.1 running 'init' at Fri, 31 Jan 2020 14:09:02 +0000. Up 17.59 seconds.
[   18.112871] cloud-init[651]: ci-info: ++++++++++++++++++++++++++++++++++++++Net device info++++++++++++++++++++++++++++++++++++++
[   18.115037] cloud-init[651]: ci-info: +--------+------+----------------------------+---------------+--------+-------------------+
[   18.117241] cloud-init[651]: ci-info: | Device |  Up  |          Address           |      Mask     | Scope  |     Hw-Address    |
[   18.119461] cloud-init[651]: ci-info: +--------+------+----------------------------+---------------+--------+-------------------+
[   18.123107] cloud-init[651]: ci-info: | enp0s3 | True |         10.0.2.15          | 255.255.255.0 | global | 02:22:e7:1f:39:14 |
[   18.125018] cloud-init[651]: ci-info: | enp0s3 | True | fe80::22:e7ff:fe1f:3914/64 |       .       |  link  | 02:22:e7:1f:39:14 |
[   18.126489] cloud-init[651]: ci-info: |   lo   | True |         127.0.0.1          |   255.0.0.0   |  host  |         .         |
[   18.127905] cloud-init[651]: ci-info: |   lo   | True |          ::1/128           |       .       |  host  |         .         |
[   18.129585] cloud-init[651]: ci-info: +--------+------+----------------------------+---------------+--------+-------------------+
[   18.130928] cloud-init[651]: ci-info: ++++++++++++++++++++++++++++Route IPv4 info+++++++++++++++++++++++++++++
[   18.132553] cloud-init[651]: ci-info: +-------+-------------+----------+-----------------+-----------+-------+
[   18.135779] cloud-init[651]: ci-info: | Route | Destination | Gateway  |     Genmask     | Interface | Flags |
[   18.138552] cloud-init[651]: ci-info: +-------+-------------+----------+-----------------+-----------+-------+
[   18.140312] cloud-init[651]: ci-info: |   0   |   0.0.0.0   | 10.0.2.2 |     0.0.0.0     |   enp0s3  |   UG  |
[   18.152435] cloud-init[651]: ci-info: |   1   |   10.0.2.0  | 0.0.0.0  |  255.255.255.0  |   enp0s3  |   U   |
[   18.154741] cloud-init[651]: ci-info: |   2   |   10.0.2.2  | 0.0.0.0  | 255.255.255.255 |   enp0s3  |   UH  |
[   18.164644] cloud-init[651]: ci-info: +-------+-------------+----------+-----------------+-----------+-------+
[   18.166831] cloud-init[651]: ci-info: +++++++++++++++++++Route IPv6 info+++++++++++++++++++
[   18.169311] cloud-init[651]: ci-info: +-------+-------------+---------+-----------+-------+
[   18.170941] cloud-init[651]: ci-info: | Route | Destination | Gateway | Interface | Flags |
[   18.172487] cloud-init[651]: ci-info: +-------+-------------+---------+-----------+-------+
[   18.173834] cloud-init[651]: ci-info: |   1   |  fe80::/64  |    ::   |   enp0s3  |   U   |
[   18.175165] cloud-init[651]: ci-info: |   3   |    local    |    ::   |   enp0s3  |   U   |
[   18.176729] cloud-init[651]: ci-info: |   4   |   ff00::/8  |    ::   |   enp0s3  |   U   |
[   18.178175] cloud-init[651]: ci-info: +-------+-------------+---------+-----------+-------+
[   20.153931] cloud-init[651]: Generating public/private rsa key pair.
[   20.155978] cloud-init[651]: Your identification has been saved in /etc/ssh/ssh_host_rsa_key.
[   20.158044] cloud-init[651]: Your public key has been saved in /etc/ssh/ssh_host_rsa_key.pub.
[   20.160952] cloud-init[651]: The key fingerprint is:
[   20.164036] cloud-init[651]: SHA256:QfMgyd/sv+Gw6bw4fPv0gYXgoQtIWzdWzfG/9WyZvXg root@ubuntu-bionic
[   20.166599] cloud-init[651]: The key's randomart image is:
[   20.168777] cloud-init[651]: +---[RSA 2048]----+
[   20.169882] cloud-init[651]: |     ...+ .o..   |
[   20.171477] cloud-init[651]: |      oo =  o.   |
[   20.173576] cloud-init[651]: |    . ..=o+   .  |
[   20.175133] cloud-init[651]: |   . + o.=oo . . |
[   20.176509] cloud-init[651]: |    o . S.. . . o|
[   20.177848] cloud-init[651]: |       . ..  o .B|
[   20.179129] cloud-init[651]: |       .. ..+ .+=|
[   20.181382] cloud-init[651]: |        oo.*.o.E.|
[   20.183000] cloud-init[651]: |        .+B++oo. |
[   20.184469] cloud-init[651]: +----[SHA256]-----+
[   20.186962] cloud-init[651]: Generating public/private dsa key pair.
[   20.188850] cloud-init[651]: Your identification has been saved in /etc/ssh/ssh_host_dsa_key.
[   20.190826] cloud-init[651]: Your public key has been saved in /etc/ssh/ssh_host_dsa_key.pub.
[   20.192450] cloud-init[651]: The key fingerprint is:
[   20.204471] cloud-init[651]: SHA256:wrzMvDNUPdzUKq4vOKvN+DJ72mhP6jTcYV1vzrbbsf0 root@ubuntu-bionic
[   20.206971] cloud-init[651]: The key's randomart image is:
[   20.208411] cloud-init[651]: +---[DSA 1024]----+
[   20.209585] cloud-init[651]: |             .   |
[   20.210716] cloud-init[651]: |            . .  |
[   20.211769] cloud-init[651]: |         o.o .   |
[   20.212964] cloud-init[651]: |     o ...=.o    |
[   20.214740] cloud-init[651]: |      *.S. oo    |
[   20.216367] cloud-init[651]: |   . *.+  .+     |
[   20.228924] cloud-init[651]: |    +.B. .  + .  |
[   20.230155] cloud-init[651]: |   .+X*.o  . o + |
[   20.233379] cloud-init[651]: |   oOXO= o. o.o E|
[   20.236010] cloud-init[651]: +----[SHA256]-----+
[   20.237409] cloud-init[651]: Generating public/private ecdsa key pair.
[   20.239834] cloud-init[651]: Your identification has been saved in /etc/ssh/ssh_host_ecdsa_key.
[   20.242046] cloud-init[651]: Your public key has been saved in /etc/ssh/ssh_host_ecdsa_key.pub.
[   20.243745] cloud-init[651]: The key fingerprint is:
[   20.244875] cloud-init[651]: SHA256:AG6JXtYnlsdcC47awRCE/ci39OjSe+MWswup4ufYB1M root@ubuntu-bionic
[   20.246669] cloud-init[651]: The key's randomart image is:
[   20.247952] cloud-init[651]: +---[ECDSA 256]---+
[   20.249065] cloud-init[651]: |   +=.  . .      |
[   20.250212] cloud-init[651]: |  .o.* * o .     |
[   20.251132] cloud-init[651]: |  ..*oX * .      |
[   20.252178] cloud-init[651]: | . +o+E*         |
[   20.253419] cloud-init[651]: |  . .+.+S        |
[   20.254426] cloud-init[651]: |    o o.+        |
[   20.257394] cloud-init[651]: |     =o  +       |
[   20.259147] cloud-init[651]: |  .oo.+.=        |
[   20.260883] cloud-init[651]: | .o++o.=oo       |
[   20.262002] cloud-init[651]: +----[SHA256]-----+
[   20.263263] cloud-init[651]: Generating public/private ed25519 key pair.
[   20.264716] cloud-init[651]: Your identification has been saved in /etc/ssh/ssh_host_ed25519_key.
[   20.266409] cloud-init[651]: Your public key has been saved in /etc/ssh/ssh_host_ed25519_key.pub.
[   20.268503] cloud-init[651]: The key fingerprint is:
[   20.269706] cloud-init[651]: SHA256:/k0JwczRy+5okFxZJhxIL0uAb9I/aB687tY3boHghfM root@ubuntu-bionic
[   20.271647] cloud-init[651]: The key's randomart image is:
[   20.272948] cloud-init[651]: +--[ED25519 256]--+
[   20.274479] cloud-init[651]: |     ....ooo     |
[   20.275928] cloud-init[651]: |    .  ..=o.+    |
[   20.277132] cloud-init[651]: |     o .o ** .   |
[   20.278234] cloud-init[651]: |    . B..oo.o    |
[   20.279437] cloud-init[651]: |     = OS+..     |
[   20.280627] cloud-init[651]: |      *.E ....   |
[   20.281745] cloud-init[651]: |     o +.o +o    |
[   20.292545] cloud-init[651]: |      + ..*o.    |
[   20.295141] cloud-init[651]: |     +o  =o..    |
[   20.297033] cloud-init[651]: +----[SHA256]-----+
[[0;32m  OK  [0m] Started Initial cloud-init job (metadata service crawler).
[[0;32m  OK  [0m] Reached target Network is Online.
[[0;32m  OK  [0m] Reached target Remote File Systems (Pre).
[[0;32m  OK  [0m] Reached target Remote File Systems.
         Starting Availability of block devices...
[[0;32m  OK  [0m] Reached target Cloud-config availability.
[[0;32m  OK  [0m] Reached target System Initialization.
[[0;32m  OK  [0m] Listening on D-Bus System Message Bus Socket.
         Starting Socket activation for snappy daemon.
[[0;32m  OK  [0m] Started Daily Cleanup of Temporary Directories.
         Starting LXD - unix socket.
[[0;32m  OK  [0m] Started Message of the Day.
[[0;32m  OK  [0m] Started Daily apt download activities.
[[0;32m  OK  [0m] Started Daily apt upgrade and clean activities.
[[0;32m  OK  [0m] Started ACPI Events Check.
[[0;32m  OK  [0m] Reached target Paths.
[[0;32m  OK  [0m] Listening on Open-iSCSI iscsid Socket.
[[0;32m  OK  [0m] Listening on ACPID Listen Socket.
[[0;32m  OK  [0m] Listening on UUID daemon activation socket.
[[0;32m  OK  [0m] Started Discard unused blocks once a week.
[[0;32m  OK  [0m] Reached target Timers.
[[0;32m  OK  [0m] Started Availability of block devices.
[[0;32m  OK  [0m] Listening on Socket activation for snappy daemon.
[[0;32m  OK  [0m] Listening on LXD - unix socket.
[[0;32m  OK  [0m] Reached target Sockets.
[[0;32m  OK  [0m] Reached target Basic System.
[[0;32m  OK  [0m] Started FUSE filesystem for LXC.
         Starting Login Service...
[[0;32m  OK  [0m] Started irqbalance daemon.
         Starting LSB: automatic crash report generation...
         Starting Permit User Sessions...
         Starting Pollinate to seed the pseudo random number generator...
         Starting LXD - container startup/shutdown...
         Starting Accounts Service...
         Starting Dispatcher daemon for systemd-networkd...
         Starting System Logging Service...
[[0;32m  OK  [0m] Started Deferred execution scheduler.
         Starting Virtualbox guest utils...
[[0;32m  OK  [0m] Started D-Bus System Message Bus.
[[0;32m  OK  [0m] Started Login Service.
[[0;32m  OK  [0m] Started Unattended Upgrades Shutdown.
[[0;32m  OK  [0m] Started Regular background program processing daemon.
         Starting Snappy daemon...
         Starting LSB: Record successful boot for GRUB...
[[0;32m  OK  [0m] Started System Logging Service.
[[0;32m  OK  [0m] Started Permit User Sessions.
[[0;32m  OK  [0m] Started LXD - container startup/shutdown.
         Starting Terminate Plymouth Boot Screen...
         Starting Hold until boot process finishes up...
[[0;32m  OK  [0m] Started Terminate Plymouth Boot Screen.
[[0;32m  OK  [0m] Started Hold until boot process finishes up.
[[0;32m  OK  [0m] Started Serial Getty on ttyS0.
         Starting Set console scheme...
         Starting Authorization Manager...
[[0;32m  OK  [0m] Started Set console scheme.
[[0;32m  OK  [0m] Created slice system-getty.slice.
[[0;32m  OK  [0m] Started Getty on tty1.
[[0;32m  OK  [0m] Reached target Login Prompts.
[[0;32m  OK  [0m] Started LSB: automatic crash report generation.
[[0;32m  OK  [0m] Started Authorization Manager.
[[0;32m  OK  [0m] Started Accounts Service.
[[0;32m  OK  [0m] Started Virtualbox guest utils.
[[0;32m  OK  [0m] Started LSB: Record successful boot for GRUB.
[[0;32m  OK  [0m] Started Dispatcher daemon for systemd-networkd.
[[0;32m  OK  [0m] Started Snappy daemon.
         Starting Wait until snapd is fully seeded...
[[0;32m  OK  [0m] Started Pollinate to seed the pseudo random number generator.
         Starting OpenBSD Secure Shell server...
[[0;32m  OK  [0m] Started OpenBSD Secure Shell server.
[[0;32m  OK  [0m] Created slice User Slice of vagrant.
         Starting User Manager for UID 1000...
[[0;32m  OK  [0m] Started Session 1 of user vagrant.
[[0;32m  OK  [0m] Started User Manager for UID 1000.
[[0;32m  OK  [0m] Started Wait until snapd is fully seeded.
         Starting Apply the settings specified in cloud-config...
[[0;32m  OK  [0m] Reached target Multi-User System.
[[0;32m  OK  [0m] Reached target Graphical Interface.
         Starting Update UTMP about System Runlevel Changes...
[[0;32m  OK  [0m] Started Update UTMP about System Runlevel Changes.
[   26.030610] cloud-init[1095]: Cloud-init v. 19.3-41-gc4735dd3-0ubuntu1~18.04.1 running 'modules:config' at Fri, 31 Jan 2020 14:09:09 +0000. Up 24.50 seconds.

Ubuntu 18.04.3 LTS ubuntu-bionic ttyS0

ubuntu-bionic login: ci-info: no authorized ssh keys fingerprints found for user ubuntu.
<14>Jan 31 14:09:13 ec2: 
<14>Jan 31 14:09:13 ec2: #############################################################
<14>Jan 31 14:09:13 ec2: -----BEGIN SSH HOST KEY FINGERPRINTS-----
<14>Jan 31 14:09:13 ec2: 1024 SHA256:wrzMvDNUPdzUKq4vOKvN+DJ72mhP6jTcYV1vzrbbsf0 root@ubuntu-bionic (DSA)
<14>Jan 31 14:09:13 ec2: 256 SHA256:AG6JXtYnlsdcC47awRCE/ci39OjSe+MWswup4ufYB1M root@ubuntu-bionic (ECDSA)
<14>Jan 31 14:09:13 ec2: 256 SHA256:/k0JwczRy+5okFxZJhxIL0uAb9I/aB687tY3boHghfM root@ubuntu-bionic (ED25519)
<14>Jan 31 14:09:13 ec2: 2048 SHA256:QfMgyd/sv+Gw6bw4fPv0gYXgoQtIWzdWzfG/9WyZvXg root@ubuntu-bionic (RSA)
<14>Jan 31 14:09:13 ec2: -----END SSH HOST KEY FINGERPRINTS-----
<14>Jan 31 14:09:13 ec2: #############################################################
-----BEGIN SSH HOST KEY KEYS-----
ecdsa-sha2-nistp256 AAAAE2VjZHNhLXNoYTItbmlzdHAyNTYAAAAIbmlzdHAyNTYAAABBBL+iRFFidgRFRK0gi9jMWwXYvzrEDrmtMuwfnURLv0haGoZPYwEybr/Ad//EWwxIynrgxk5uOchfem5dSBRecgs= root@ubuntu-bionic
ssh-ed25519 AAAAC3NzaC1lZDI1NTE5AAAAIGYELb43uTsobIDUoFZfRa4vnUrkUqgaVRVU8ZKiEqeh root@ubuntu-bionic
ssh-rsa AAAAB3NzaC1yc2EAAAADAQABAAABAQDoENlbIaY6FJUK5/ltx7wu2HzNjzf/sfgMXaLtaTAZ/+UnqYtpg8D72G949RVRvSaqFAFmvRCKHl3hOJX45U6ucmzJV2DC7jJeBrNNyvUcQh2QDz/p7FXs28XJqpGiqXLbiGU1nZWwmi2X2eo1Xg3yN0dxWh34DMNmmA4cdLSJCz6f1uoci3ea+dwF92mzHJyjAsElngf2uKfkNgi6lAVPV8tj/lKqVjDzIV8XHDww6i25MnSYqEDQCxLfjQi8tIy/f/6u6JKCPKurmE0+apPwp35ruT+BsVtIMxUOC+lXMQLgbX99jXxoWsBoIqlohvOEvIHt2v405BqklcsqzUEj root@ubuntu-bionic
-----END SSH HOST KEY KEYS-----
[   28.249042] cloud-init[1229]: Cloud-init v. 19.3-41-gc4735dd3-0ubuntu1~18.04.1 running 'modules:final' at Fri, 31 Jan 2020 14:09:12 +0000. Up 27.78 seconds.
[   28.252782] cloud-init[1229]: ci-info: no authorized ssh keys fingerprints found for user ubuntu.
[   28.256807] cloud-init[1229]: Cloud-init v. 19.3-41-gc4735dd3-0ubuntu1~18.04.1 finished at Fri, 31 Jan 2020 14:09:13 +0000. Datasource DataSourceNoCloud [seed=/dev/sdb][dsmode=net].  Up 28.22 seconds
